<?xml version="1.0" encoding="UTF-8"?>
<coverage generated="1702069492203" clover="3.2.0">
  <project timestamp="1702069492203" name="All files">
    <metrics statements="82" coveredstatements="82" conditionals="8" coveredconditionals="8" methods="50" coveredmethods="50" elements="140" coveredelements="140" complexity="0" loc="82" ncloc="82" packages="1" files="7" classes="7"/>
    <file name="Category.js" path="/Users/melinaosik/DEV/reprograma/o-de-casa/src/Category.js">
      <metrics statements="2" coveredstatements="2" conditionals="0" coveredconditionals="0" methods="1" coveredmethods="1"/>
      <line num="5" count="3" type="stmt"/>
      <line num="9" count="2" type="stmt"/>
    </file>
    <file name="Offer.js" path="/Users/melinaosik/DEV/reprograma/o-de-casa/src/Offer.js">
      <metrics statements="10" coveredstatements="10" conditionals="0" coveredconditionals="0" methods="9" coveredmethods="9"/>
      <line num="8" count="11" type="stmt"/>
      <line num="15" count="2" type="stmt"/>
      <line num="19" count="1" type="stmt"/>
      <line num="23" count="2" type="stmt"/>
      <line num="27" count="1" type="stmt"/>
      <line num="31" count="2" type="stmt"/>
      <line num="35" count="1" type="stmt"/>
      <line num="39" count="4" type="stmt"/>
      <line num="43" count="1" type="stmt"/>
      <line num="47" count="3" type="stmt"/>
    </file>
    <file name="Trader.js" path="/Users/melinaosik/DEV/reprograma/o-de-casa/src/Trader.js">
      <metrics statements="23" coveredstatements="23" conditionals="4" coveredconditionals="4" methods="9" coveredmethods="9"/>
      <line num="1" count="1" type="stmt"/>
      <line num="2" count="1" type="stmt"/>
      <line num="3" count="1" type="stmt"/>
      <line num="8" count="22" type="stmt"/>
      <line num="11" count="22" type="stmt"/>
      <line num="14" count="22" type="stmt"/>
      <line num="18" count="2" type="stmt"/>
      <line num="19" count="2" type="stmt"/>
      <line num="23" count="2" type="cond" truecount="2" falsecount="0"/>
      <line num="24" count="1" type="stmt"/>
      <line num="25" count="1" type="stmt"/>
      <line num="27" count="1" type="stmt"/>
      <line num="32" count="2" type="stmt"/>
      <line num="33" count="2" type="stmt"/>
      <line num="34" count="2" type="cond" truecount="2" falsecount="0"/>
      <line num="35" count="1" type="stmt"/>
      <line num="36" count="1" type="stmt"/>
      <line num="38" count="1" type="stmt"/>
      <line num="43" count="5" type="stmt"/>
      <line num="47" count="1" type="stmt"/>
      <line num="51" count="3" type="stmt"/>
      <line num="55" count="1" type="stmt"/>
      <line num="59" count="1" type="stmt"/>
    </file>
    <file name="Type.js" path="/Users/melinaosik/DEV/reprograma/o-de-casa/src/Type.js">
      <metrics statements="2" coveredstatements="2" conditionals="0" coveredconditionals="0" methods="1" coveredmethods="1"/>
      <line num="5" count="3" type="stmt"/>
      <line num="9" count="2" type="stmt"/>
    </file>
    <file name="User.js" path="/Users/melinaosik/DEV/reprograma/o-de-casa/src/User.js">
      <metrics statements="26" coveredstatements="26" conditionals="0" coveredconditionals="0" methods="21" coveredmethods="21"/>
      <line num="12" count="74" type="stmt"/>
      <line num="23" count="2" type="stmt"/>
      <line num="24" count="2" type="stmt"/>
      <line num="28" count="2" type="stmt"/>
      <line num="29" count="2" type="stmt"/>
      <line num="33" count="2" type="stmt"/>
      <line num="34" count="2" type="stmt"/>
      <line num="38" count="2" type="stmt"/>
      <line num="39" count="2" type="stmt"/>
      <line num="43" count="4" type="stmt"/>
      <line num="47" count="1" type="stmt"/>
      <line num="51" count="4" type="stmt"/>
      <line num="55" count="1" type="stmt"/>
      <line num="59" count="6" type="stmt"/>
      <line num="63" count="1" type="stmt"/>
      <line num="67" count="6" type="stmt"/>
      <line num="71" count="1" type="stmt"/>
      <line num="75" count="6" type="stmt"/>
      <line num="79" count="1" type="stmt"/>
      <line num="83" count="4" type="stmt"/>
      <line num="87" count="1" type="stmt"/>
      <line num="91" count="4" type="stmt"/>
      <line num="95" count="1" type="stmt"/>
      <line num="99" count="6" type="stmt"/>
      <line num="103" count="1" type="stmt"/>
      <line num="107" count="2" type="stmt"/>
    </file>
    <file name="filters.js" path="/Users/melinaosik/DEV/reprograma/o-de-casa/src/filters.js">
      <metrics statements="17" coveredstatements="17" conditionals="4" coveredconditionals="4" methods="9" coveredmethods="9"/>
      <line num="1" count="1" type="stmt"/>
      <line num="2" count="1" type="stmt"/>
      <line num="3" count="1" type="stmt"/>
      <line num="6" count="6" type="stmt"/>
      <line num="7" count="1" type="stmt"/>
      <line num="11" count="8" type="cond" truecount="2" falsecount="0"/>
      <line num="12" count="7" type="stmt"/>
      <line num="14" count="1" type="stmt"/>
      <line num="19" count="6" type="stmt"/>
      <line num="20" count="1" type="stmt"/>
      <line num="24" count="8" type="cond" truecount="2" falsecount="0"/>
      <line num="25" count="7" type="stmt"/>
      <line num="27" count="1" type="stmt"/>
      <line num="32" count="6" type="stmt"/>
      <line num="33" count="1" type="stmt"/>
      <line num="37" count="6" type="stmt"/>
      <line num="40" count="1" type="stmt"/>
    </file>
    <file name="index.js" path="/Users/melinaosik/DEV/reprograma/o-de-casa/src/index.js">
      <metrics statements="2" coveredstatements="2" conditionals="0" coveredconditionals="0" methods="0" coveredmethods="0"/>
      <line num="1" count="1" type="stmt"/>
      <line num="3" count="1" type="stmt"/>
    </file>
  </project>
</coverage>
