<?xml version="1.0" encoding="UTF-8"?>
<coverage generated="1701994241112" clover="3.2.0">
  <project timestamp="1701994241113" name="All files">
    <metrics statements="64" coveredstatements="64" conditionals="0" coveredconditionals="0" methods="48" coveredmethods="48" elements="112" coveredelements="112" complexity="0" loc="64" ncloc="64" packages="1" files="4" classes="4"/>
    <file name="Offer.js" path="/Users/melinaosik/DEV/reprograma/o-de-casa/src/Offer.js">
      <metrics statements="10" coveredstatements="10" conditionals="0" coveredconditionals="0" methods="9" coveredmethods="9"/>
      <line num="8" count="9" type="stmt"/>
      <line num="15" count="2" type="stmt"/>
      <line num="19" count="1" type="stmt"/>
      <line num="23" count="2" type="stmt"/>
      <line num="27" count="1" type="stmt"/>
      <line num="31" count="2" type="stmt"/>
      <line num="35" count="1" type="stmt"/>
      <line num="39" count="4" type="stmt"/>
      <line num="43" count="1" type="stmt"/>
      <line num="47" count="2" type="stmt"/>
    </file>
    <file name="Trader.js" path="/Users/melinaosik/DEV/reprograma/o-de-casa/src/Trader.js">
      <metrics statements="17" coveredstatements="17" conditionals="0" coveredconditionals="0" methods="9" coveredmethods="9"/>
      <line num="1" count="1" type="stmt"/>
      <line num="2" count="1" type="stmt"/>
      <line num="7" count="18" type="stmt"/>
      <line num="10" count="18" type="stmt"/>
      <line num="16" count="2" type="stmt"/>
      <line num="17" count="2" type="stmt"/>
      <line num="22" count="1" type="stmt"/>
      <line num="23" count="1" type="stmt"/>
      <line num="28" count="1" type="stmt"/>
      <line num="29" count="1" type="stmt"/>
      <line num="31" count="1" type="stmt"/>
      <line num="32" count="1" type="stmt"/>
      <line num="37" count="5" type="stmt"/>
      <line num="41" count="1" type="stmt"/>
      <line num="45" count="3" type="stmt"/>
      <line num="49" count="1" type="stmt"/>
      <line num="53" count="1" type="stmt"/>
    </file>
    <file name="User.js" path="/Users/melinaosik/DEV/reprograma/o-de-casa/src/User.js">
      <metrics statements="26" coveredstatements="26" conditionals="0" coveredconditionals="0" methods="21" coveredmethods="21"/>
      <line num="12" count="70" type="stmt"/>
      <line num="23" count="2" type="stmt"/>
      <line num="24" count="2" type="stmt"/>
      <line num="28" count="2" type="stmt"/>
      <line num="29" count="2" type="stmt"/>
      <line num="33" count="2" type="stmt"/>
      <line num="34" count="2" type="stmt"/>
      <line num="38" count="2" type="stmt"/>
      <line num="39" count="2" type="stmt"/>
      <line num="43" count="4" type="stmt"/>
      <line num="47" count="1" type="stmt"/>
      <line num="51" count="4" type="stmt"/>
      <line num="55" count="1" type="stmt"/>
      <line num="59" count="6" type="stmt"/>
      <line num="63" count="1" type="stmt"/>
      <line num="67" count="6" type="stmt"/>
      <line num="71" count="1" type="stmt"/>
      <line num="75" count="6" type="stmt"/>
      <line num="79" count="1" type="stmt"/>
      <line num="83" count="4" type="stmt"/>
      <line num="87" count="1" type="stmt"/>
      <line num="91" count="4" type="stmt"/>
      <line num="95" count="1" type="stmt"/>
      <line num="99" count="6" type="stmt"/>
      <line num="103" count="1" type="stmt"/>
      <line num="107" count="2" type="stmt"/>
    </file>
    <file name="filters.js" path="/Users/melinaosik/DEV/reprograma/o-de-casa/src/filters.js">
      <metrics statements="11" coveredstatements="11" conditionals="0" coveredconditionals="0" methods="9" coveredmethods="9"/>
      <line num="1" count="1" type="stmt"/>
      <line num="4" count="6" type="stmt"/>
      <line num="5" count="1" type="stmt"/>
      <line num="9" count="6" type="stmt"/>
      <line num="13" count="6" type="stmt"/>
      <line num="14" count="1" type="stmt"/>
      <line num="18" count="6" type="stmt"/>
      <line num="22" count="6" type="stmt"/>
      <line num="23" count="1" type="stmt"/>
      <line num="27" count="6" type="stmt"/>
      <line num="30" count="1" type="stmt"/>
    </file>
  </project>
</coverage>
