{"/Users/melinaosik/DEV/reprograma/o-de-casa/src/Category.js": {"path":"/Users/melinaosik/DEV/reprograma/o-de-casa/src/Category.js","statementMap":{"0":{"start":{"line":5,"column":4},"end":{"line":5,"column":20}},"1":{"start":{"line":9,"column":0},"end":{"line":9,"column":25}}},"fnMap":{"0":{"name":"(anonymous_0)","decl":{"start":{"line":4,"column":2},"end":{"line":4,"column":3}},"loc":{"start":{"line":4,"column":20},"end":{"line":6,"column":3}},"line":4}},"branchMap":{},"s":{"0":3,"1":2},"f":{"0":3},"b":{},"_coverageSchema":"1a1c01bbd47fc00a2c39e90264f33305004495a9","hash":"db08d73b382624fb10876d665a5f5e826849cef1"}
,"/Users/melinaosik/DEV/reprograma/o-de-casa/src/Offer.js": {"path":"/Users/melinaosik/DEV/reprograma/o-de-casa/src/Offer.js","statementMap":{"0":{"start":{"line":8,"column":4},"end":{"line":11,"column":20}},"1":{"start":{"line":15,"column":4},"end":{"line":15,"column":26}},"2":{"start":{"line":19,"column":4},"end":{"line":19,"column":33}},"3":{"start":{"line":23,"column":4},"end":{"line":23,"column":22}},"4":{"start":{"line":27,"column":4},"end":{"line":27,"column":25}},"5":{"start":{"line":31,"column":4},"end":{"line":31,"column":26}},"6":{"start":{"line":35,"column":4},"end":{"line":35,"column":33}},"7":{"start":{"line":39,"column":4},"end":{"line":39,"column":21}},"8":{"start":{"line":43,"column":4},"end":{"line":43,"column":24}},"9":{"start":{"line":47,"column":0},"end":{"line":47,"column":22}}},"fnMap":{"0":{"name":"(anonymous_0)","decl":{"start":{"line":7,"column":2},"end":{"line":7,"column":3}},"loc":{"start":{"line":7,"column":46},"end":{"line":12,"column":3}},"line":7},"1":{"name":"(anonymous_1)","decl":{"start":{"line":14,"column":2},"end":{"line":14,"column":3}},"loc":{"start":{"line":14,"column":16},"end":{"line":16,"column":3}},"line":14},"2":{"name":"(anonymous_2)","decl":{"start":{"line":18,"column":2},"end":{"line":18,"column":3}},"loc":{"start":{"line":18,"column":27},"end":{"line":20,"column":3}},"line":18},"3":{"name":"(anonymous_3)","decl":{"start":{"line":22,"column":2},"end":{"line":22,"column":3}},"loc":{"start":{"line":22,"column":12},"end":{"line":24,"column":3}},"line":22},"4":{"name":"(anonymous_4)","decl":{"start":{"line":26,"column":2},"end":{"line":26,"column":3}},"loc":{"start":{"line":26,"column":19},"end":{"line":28,"column":3}},"line":26},"5":{"name":"(anonymous_5)","decl":{"start":{"line":30,"column":2},"end":{"line":30,"column":3}},"loc":{"start":{"line":30,"column":16},"end":{"line":32,"column":3}},"line":30},"6":{"name":"(anonymous_6)","decl":{"start":{"line":34,"column":2},"end":{"line":34,"column":3}},"loc":{"start":{"line":34,"column":27},"end":{"line":36,"column":3}},"line":34},"7":{"name":"(anonymous_7)","decl":{"start":{"line":38,"column":2},"end":{"line":38,"column":3}},"loc":{"start":{"line":38,"column":12},"end":{"line":40,"column":3}},"line":38},"8":{"name":"(anonymous_8)","decl":{"start":{"line":42,"column":2},"end":{"line":42,"column":3}},"loc":{"start":{"line":42,"column":19},"end":{"line":44,"column":3}},"line":42}},"branchMap":{},"s":{"0":11,"1":2,"2":1,"3":2,"4":1,"5":2,"6":1,"7":4,"8":1,"9":3},"f":{"0":11,"1":2,"2":1,"3":2,"4":1,"5":2,"6":1,"7":4,"8":1},"b":{},"_coverageSchema":"1a1c01bbd47fc00a2c39e90264f33305004495a9","hash":"8f5fcd633a756b3413eb38f7d9095f7e2b5fcc62"}
,"/Users/melinaosik/DEV/reprograma/o-de-casa/src/Trader.js": {"path":"/Users/melinaosik/DEV/reprograma/o-de-casa/src/Trader.js","statementMap":{"0":{"start":{"line":1,"column":13},"end":{"line":1,"column":30}},"1":{"start":{"line":2,"column":14},"end":{"line":2,"column":32}},"2":{"start":{"line":3,"column":19},"end":{"line":3,"column":37}},"3":{"start":{"line":8,"column":11},"end":{"line":8,"column":13}},"4":{"start":{"line":11,"column":4},"end":{"line":13,"column":31}},"5":{"start":{"line":14,"column":4},"end":{"line":14,"column":25}},"6":{"start":{"line":18,"column":23},"end":{"line":18,"column":109}},"7":{"start":{"line":19,"column":4},"end":{"line":19,"column":43}},"8":{"start":{"line":23,"column":4},"end":{"line":28,"column":5}},"9":{"start":{"line":24,"column":6},"end":{"line":24,"column":29}},"10":{"start":{"line":25,"column":6},"end":{"line":25,"column":54}},"11":{"start":{"line":27,"column":6},"end":{"line":27,"column":60}},"12":{"start":{"line":32,"column":26},"end":{"line":32,"column":69}},"13":{"start":{"line":32,"column":53},"end":{"line":32,"column":68}},"14":{"start":{"line":33,"column":23},"end":{"line":33,"column":49}},"15":{"start":{"line":34,"column":4},"end":{"line":39,"column":5}},"16":{"start":{"line":35,"column":6},"end":{"line":35,"column":38}},"17":{"start":{"line":36,"column":6},"end":{"line":36,"column":41}},"18":{"start":{"line":38,"column":6},"end":{"line":38,"column":58}},"19":{"start":{"line":43,"column":4},"end":{"line":43,"column":23}},"20":{"start":{"line":47,"column":4},"end":{"line":47,"column":26}},"21":{"start":{"line":51,"column":4},"end":{"line":51,"column":26}},"22":{"start":{"line":55,"column":4},"end":{"line":55,"column":34}},"23":{"start":{"line":59,"column":0},"end":{"line":59,"column":23}}},"fnMap":{"0":{"name":"(anonymous_0)","decl":{"start":{"line":10,"column":2},"end":{"line":10,"column":3}},"loc":{"start":{"line":10,"column":89},"end":{"line":15,"column":3}},"line":10},"1":{"name":"(anonymous_1)","decl":{"start":{"line":17,"column":2},"end":{"line":17,"column":3}},"loc":{"start":{"line":17,"column":16},"end":{"line":20,"column":3}},"line":17},"2":{"name":"(anonymous_2)","decl":{"start":{"line":22,"column":2},"end":{"line":22,"column":3}},"loc":{"start":{"line":22,"column":18},"end":{"line":29,"column":3}},"line":22},"3":{"name":"(anonymous_3)","decl":{"start":{"line":31,"column":2},"end":{"line":31,"column":3}},"loc":{"start":{"line":31,"column":20},"end":{"line":40,"column":3}},"line":31},"4":{"name":"(anonymous_4)","decl":{"start":{"line":32,"column":42},"end":{"line":32,"column":43}},"loc":{"start":{"line":32,"column":53},"end":{"line":32,"column":68}},"line":32},"5":{"name":"(anonymous_5)","decl":{"start":{"line":42,"column":2},"end":{"line":42,"column":3}},"loc":{"start":{"line":42,"column":13},"end":{"line":44,"column":3}},"line":42},"6":{"name":"(anonymous_6)","decl":{"start":{"line":46,"column":2},"end":{"line":46,"column":3}},"loc":{"start":{"line":46,"column":21},"end":{"line":48,"column":3}},"line":46},"7":{"name":"(anonymous_7)","decl":{"start":{"line":50,"column":2},"end":{"line":50,"column":3}},"loc":{"start":{"line":50,"column":17},"end":{"line":52,"column":3}},"line":50},"8":{"name":"(anonymous_8)","decl":{"start":{"line":54,"column":2},"end":{"line":54,"column":3}},"loc":{"start":{"line":54,"column":29},"end":{"line":56,"column":3}},"line":54}},"branchMap":{"0":{"loc":{"start":{"line":23,"column":4},"end":{"line":28,"column":5}},"type":"if","locations":[{"start":{"line":23,"column":4},"end":{"line":28,"column":5}},{"start":{"line":26,"column":11},"end":{"line":28,"column":5}}],"line":23},"1":{"loc":{"start":{"line":34,"column":4},"end":{"line":39,"column":5}},"type":"if","locations":[{"start":{"line":34,"column":4},"end":{"line":39,"column":5}},{"start":{"line":37,"column":11},"end":{"line":39,"column":5}}],"line":34}},"s":{"0":1,"1":1,"2":1,"3":22,"4":22,"5":22,"6":2,"7":2,"8":2,"9":1,"10":1,"11":1,"12":2,"13":1,"14":2,"15":2,"16":1,"17":1,"18":1,"19":5,"20":1,"21":3,"22":1,"23":1},"f":{"0":22,"1":2,"2":2,"3":2,"4":1,"5":5,"6":1,"7":3,"8":1},"b":{"0":[1,1],"1":[1,1]},"_coverageSchema":"1a1c01bbd47fc00a2c39e90264f33305004495a9","hash":"a39eb7061e5b7b6eea681d8d2a13e05761b2329b"}
,"/Users/melinaosik/DEV/reprograma/o-de-casa/src/Type.js": {"path":"/Users/melinaosik/DEV/reprograma/o-de-casa/src/Type.js","statementMap":{"0":{"start":{"line":5,"column":4},"end":{"line":5,"column":20}},"1":{"start":{"line":9,"column":0},"end":{"line":9,"column":21}}},"fnMap":{"0":{"name":"(anonymous_0)","decl":{"start":{"line":4,"column":2},"end":{"line":4,"column":3}},"loc":{"start":{"line":4,"column":20},"end":{"line":6,"column":3}},"line":4}},"branchMap":{},"s":{"0":3,"1":2},"f":{"0":3},"b":{},"_coverageSchema":"1a1c01bbd47fc00a2c39e90264f33305004495a9","hash":"765ab6f0d78b25956216bbbc7084189ebcd0d6d5"}
,"/Users/melinaosik/DEV/reprograma/o-de-casa/src/User.js": {"path":"/Users/melinaosik/DEV/reprograma/o-de-casa/src/User.js","statementMap":{"0":{"start":{"line":12,"column":4},"end":{"line":19,"column":19}},"1":{"start":{"line":23,"column":23},"end":{"line":23,"column":70}},"2":{"start":{"line":24,"column":4},"end":{"line":24,"column":43}},"3":{"start":{"line":28,"column":26},"end":{"line":28,"column":96}},"4":{"start":{"line":29,"column":4},"end":{"line":29,"column":49}},"5":{"start":{"line":33,"column":21},"end":{"line":33,"column":133}},"6":{"start":{"line":34,"column":4},"end":{"line":34,"column":39}},"7":{"start":{"line":38,"column":22},"end":{"line":38,"column":41}},"8":{"start":{"line":39,"column":4},"end":{"line":39,"column":39}},"9":{"start":{"line":43,"column":4},"end":{"line":43,"column":20}},"10":{"start":{"line":47,"column":4},"end":{"line":47,"column":21}},"11":{"start":{"line":51,"column":4},"end":{"line":51,"column":22}},"12":{"start":{"line":55,"column":4},"end":{"line":55,"column":25}},"13":{"start":{"line":59,"column":4},"end":{"line":59,"column":23}},"14":{"start":{"line":63,"column":4},"end":{"line":63,"column":27}},"15":{"start":{"line":67,"column":4},"end":{"line":67,"column":26}},"16":{"start":{"line":71,"column":4},"end":{"line":71,"column":33}},"17":{"start":{"line":75,"column":4},"end":{"line":75,"column":21}},"18":{"start":{"line":79,"column":4},"end":{"line":79,"column":23}},"19":{"start":{"line":83,"column":4},"end":{"line":83,"column":22}},"20":{"start":{"line":87,"column":4},"end":{"line":87,"column":25}},"21":{"start":{"line":91,"column":4},"end":{"line":91,"column":30}},"22":{"start":{"line":95,"column":4},"end":{"line":95,"column":41}},"23":{"start":{"line":99,"column":4},"end":{"line":99,"column":21}},"24":{"start":{"line":103,"column":4},"end":{"line":103,"column":23}},"25":{"start":{"line":107,"column":0},"end":{"line":107,"column":21}}},"fnMap":{"0":{"name":"(anonymous_0)","decl":{"start":{"line":11,"column":2},"end":{"line":11,"column":3}},"loc":{"start":{"line":11,"column":71},"end":{"line":20,"column":3}},"line":11},"1":{"name":"(anonymous_1)","decl":{"start":{"line":22,"column":2},"end":{"line":22,"column":3}},"loc":{"start":{"line":22,"column":16},"end":{"line":25,"column":3}},"line":22},"2":{"name":"(anonymous_2)","decl":{"start":{"line":27,"column":2},"end":{"line":27,"column":3}},"loc":{"start":{"line":27,"column":19},"end":{"line":30,"column":3}},"line":27},"3":{"name":"(anonymous_3)","decl":{"start":{"line":32,"column":2},"end":{"line":32,"column":3}},"loc":{"start":{"line":32,"column":14},"end":{"line":35,"column":3}},"line":32},"4":{"name":"(anonymous_4)","decl":{"start":{"line":37,"column":2},"end":{"line":37,"column":3}},"loc":{"start":{"line":37,"column":14},"end":{"line":40,"column":3}},"line":37},"5":{"name":"(anonymous_5)","decl":{"start":{"line":42,"column":2},"end":{"line":42,"column":3}},"loc":{"start":{"line":42,"column":10},"end":{"line":44,"column":3}},"line":42},"6":{"name":"(anonymous_6)","decl":{"start":{"line":46,"column":2},"end":{"line":46,"column":3}},"loc":{"start":{"line":46,"column":15},"end":{"line":48,"column":3}},"line":46},"7":{"name":"(anonymous_7)","decl":{"start":{"line":50,"column":2},"end":{"line":50,"column":3}},"loc":{"start":{"line":50,"column":12},"end":{"line":52,"column":3}},"line":50},"8":{"name":"(anonymous_8)","decl":{"start":{"line":54,"column":2},"end":{"line":54,"column":3}},"loc":{"start":{"line":54,"column":19},"end":{"line":56,"column":3}},"line":54},"9":{"name":"(anonymous_9)","decl":{"start":{"line":58,"column":2},"end":{"line":58,"column":3}},"loc":{"start":{"line":58,"column":13},"end":{"line":60,"column":3}},"line":58},"10":{"name":"(anonymous_10)","decl":{"start":{"line":62,"column":2},"end":{"line":62,"column":3}},"loc":{"start":{"line":62,"column":21},"end":{"line":64,"column":3}},"line":62},"11":{"name":"(anonymous_11)","decl":{"start":{"line":66,"column":2},"end":{"line":66,"column":3}},"loc":{"start":{"line":66,"column":16},"end":{"line":68,"column":3}},"line":66},"12":{"name":"(anonymous_12)","decl":{"start":{"line":70,"column":2},"end":{"line":70,"column":3}},"loc":{"start":{"line":70,"column":27},"end":{"line":72,"column":3}},"line":70},"13":{"name":"(anonymous_13)","decl":{"start":{"line":74,"column":2},"end":{"line":74,"column":3}},"loc":{"start":{"line":74,"column":11},"end":{"line":76,"column":3}},"line":74},"14":{"name":"(anonymous_14)","decl":{"start":{"line":78,"column":2},"end":{"line":78,"column":3}},"loc":{"start":{"line":78,"column":17},"end":{"line":80,"column":3}},"line":78},"15":{"name":"(anonymous_15)","decl":{"start":{"line":82,"column":2},"end":{"line":82,"column":3}},"loc":{"start":{"line":82,"column":12},"end":{"line":84,"column":3}},"line":82},"16":{"name":"(anonymous_16)","decl":{"start":{"line":86,"column":2},"end":{"line":86,"column":3}},"loc":{"start":{"line":86,"column":19},"end":{"line":88,"column":3}},"line":86},"17":{"name":"(anonymous_17)","decl":{"start":{"line":90,"column":2},"end":{"line":90,"column":3}},"loc":{"start":{"line":90,"column":20},"end":{"line":92,"column":3}},"line":90},"18":{"name":"(anonymous_18)","decl":{"start":{"line":94,"column":2},"end":{"line":94,"column":3}},"loc":{"start":{"line":94,"column":35},"end":{"line":96,"column":3}},"line":94},"19":{"name":"(anonymous_19)","decl":{"start":{"line":98,"column":2},"end":{"line":98,"column":3}},"loc":{"start":{"line":98,"column":11},"end":{"line":100,"column":3}},"line":98},"20":{"name":"(anonymous_20)","decl":{"start":{"line":102,"column":2},"end":{"line":102,"column":3}},"loc":{"start":{"line":102,"column":17},"end":{"line":104,"column":3}},"line":102}},"branchMap":{},"s":{"0":74,"1":2,"2":2,"3":2,"4":2,"5":2,"6":2,"7":2,"8":2,"9":4,"10":1,"11":4,"12":1,"13":6,"14":1,"15":6,"16":1,"17":6,"18":1,"19":4,"20":1,"21":4,"22":1,"23":6,"24":1,"25":2},"f":{"0":74,"1":2,"2":2,"3":2,"4":2,"5":4,"6":1,"7":4,"8":1,"9":6,"10":1,"11":6,"12":1,"13":6,"14":1,"15":4,"16":1,"17":4,"18":1,"19":6,"20":1},"b":{},"_coverageSchema":"1a1c01bbd47fc00a2c39e90264f33305004495a9","hash":"1636236c7e136aad8d317da3a32f23cf702d36e9"}
,"/Users/melinaosik/DEV/reprograma/o-de-casa/src/filters.js": {"path":"/Users/melinaosik/DEV/reprograma/o-de-casa/src/filters.js","statementMap":{"0":{"start":{"line":1,"column":19},"end":{"line":1,"column":37}},"1":{"start":{"line":2,"column":13},"end":{"line":2,"column":30}},"2":{"start":{"line":3,"column":17},"end":{"line":3,"column":38}},"3":{"start":{"line":6,"column":27},"end":{"line":6,"column":80}},"4":{"start":{"line":6,"column":56},"end":{"line":6,"column":79}},"5":{"start":{"line":7,"column":4},"end":{"line":7,"column":25}},"6":{"start":{"line":11,"column":2},"end":{"line":15,"column":3}},"7":{"start":{"line":12,"column":4},"end":{"line":12,"column":35}},"8":{"start":{"line":14,"column":4},"end":{"line":14,"column":36}},"9":{"start":{"line":19,"column":29},"end":{"line":19,"column":90}},"10":{"start":{"line":19,"column":58},"end":{"line":19,"column":89}},"11":{"start":{"line":20,"column":2},"end":{"line":20,"column":27}},"12":{"start":{"line":24,"column":2},"end":{"line":28,"column":3}},"13":{"start":{"line":25,"column":4},"end":{"line":25,"column":43}},"14":{"start":{"line":27,"column":4},"end":{"line":27,"column":41}},"15":{"start":{"line":32,"column":25},"end":{"line":32,"column":78}},"16":{"start":{"line":32,"column":54},"end":{"line":32,"column":77}},"17":{"start":{"line":33,"column":2},"end":{"line":33,"column":23}},"18":{"start":{"line":37,"column":2},"end":{"line":37,"column":28}},"19":{"start":{"line":40,"column":0},"end":{"line":46,"column":1}}},"fnMap":{"0":{"name":"filterByType","decl":{"start":{"line":5,"column":9},"end":{"line":5,"column":21}},"loc":{"start":{"line":5,"column":28},"end":{"line":8,"column":1}},"line":5},"1":{"name":"(anonymous_1)","decl":{"start":{"line":6,"column":45},"end":{"line":6,"column":46}},"loc":{"start":{"line":6,"column":56},"end":{"line":6,"column":79}},"line":6},"2":{"name":"typeFinder","decl":{"start":{"line":10,"column":9},"end":{"line":10,"column":19}},"loc":{"start":{"line":10,"column":33},"end":{"line":16,"column":1}},"line":10},"3":{"name":"filterByCategory","decl":{"start":{"line":18,"column":9},"end":{"line":18,"column":25}},"loc":{"start":{"line":18,"column":36},"end":{"line":21,"column":1}},"line":18},"4":{"name":"(anonymous_4)","decl":{"start":{"line":19,"column":47},"end":{"line":19,"column":48}},"loc":{"start":{"line":19,"column":58},"end":{"line":19,"column":89}},"line":19},"5":{"name":"categoryFinder","decl":{"start":{"line":23,"column":9},"end":{"line":23,"column":23}},"loc":{"start":{"line":23,"column":41},"end":{"line":29,"column":1}},"line":23},"6":{"name":"filterByItem","decl":{"start":{"line":31,"column":9},"end":{"line":31,"column":21}},"loc":{"start":{"line":31,"column":28},"end":{"line":34,"column":1}},"line":31},"7":{"name":"(anonymous_7)","decl":{"start":{"line":32,"column":43},"end":{"line":32,"column":44}},"loc":{"start":{"line":32,"column":54},"end":{"line":32,"column":77}},"line":32},"8":{"name":"itemFilter","decl":{"start":{"line":36,"column":9},"end":{"line":36,"column":19}},"loc":{"start":{"line":36,"column":33},"end":{"line":38,"column":1}},"line":36}},"branchMap":{"0":{"loc":{"start":{"line":11,"column":2},"end":{"line":15,"column":3}},"type":"if","locations":[{"start":{"line":11,"column":2},"end":{"line":15,"column":3}},{"start":{"line":13,"column":9},"end":{"line":15,"column":3}}],"line":11},"1":{"loc":{"start":{"line":24,"column":2},"end":{"line":28,"column":3}},"type":"if","locations":[{"start":{"line":24,"column":2},"end":{"line":28,"column":3}},{"start":{"line":26,"column":9},"end":{"line":28,"column":3}}],"line":24}},"s":{"0":1,"1":1,"2":1,"3":1,"4":6,"5":1,"6":8,"7":7,"8":1,"9":1,"10":6,"11":1,"12":8,"13":7,"14":1,"15":1,"16":6,"17":1,"18":6,"19":1},"f":{"0":1,"1":6,"2":8,"3":1,"4":6,"5":8,"6":1,"7":6,"8":6},"b":{"0":[7,1],"1":[7,1]},"_coverageSchema":"1a1c01bbd47fc00a2c39e90264f33305004495a9","hash":"88869b8e68d51e19660069417cfdce1c6a300351"}
,"/Users/melinaosik/DEV/reprograma/o-de-casa/src/index.js": {"path":"/Users/melinaosik/DEV/reprograma/o-de-casa/src/index.js","statementMap":{"0":{"start":{"line":1,"column":19},"end":{"line":1,"column":21}},"1":{"start":{"line":3,"column":0},"end":{"line":3,"column":27}}},"fnMap":{},"branchMap":{},"s":{"0":1,"1":1},"f":{},"b":{},"_coverageSchema":"1a1c01bbd47fc00a2c39e90264f33305004495a9","hash":"dca242ef0dd263202956392af64ceb19182fa0c7"}
}
