{"/Users/melinaosik/DEV/reprograma/o-de-casa/src/Offer.js": {"path":"/Users/melinaosik/DEV/reprograma/o-de-casa/src/Offer.js","statementMap":{"0":{"start":{"line":8,"column":4},"end":{"line":11,"column":20}},"1":{"start":{"line":15,"column":4},"end":{"line":15,"column":26}},"2":{"start":{"line":19,"column":4},"end":{"line":19,"column":33}},"3":{"start":{"line":23,"column":4},"end":{"line":23,"column":22}},"4":{"start":{"line":27,"column":4},"end":{"line":27,"column":25}},"5":{"start":{"line":31,"column":4},"end":{"line":31,"column":26}},"6":{"start":{"line":35,"column":4},"end":{"line":35,"column":33}},"7":{"start":{"line":39,"column":4},"end":{"line":39,"column":21}},"8":{"start":{"line":43,"column":4},"end":{"line":43,"column":24}},"9":{"start":{"line":47,"column":0},"end":{"line":47,"column":22}}},"fnMap":{"0":{"name":"(anonymous_0)","decl":{"start":{"line":7,"column":2},"end":{"line":7,"column":3}},"loc":{"start":{"line":7,"column":46},"end":{"line":12,"column":3}},"line":7},"1":{"name":"(anonymous_1)","decl":{"start":{"line":14,"column":2},"end":{"line":14,"column":3}},"loc":{"start":{"line":14,"column":16},"end":{"line":16,"column":3}},"line":14},"2":{"name":"(anonymous_2)","decl":{"start":{"line":18,"column":2},"end":{"line":18,"column":3}},"loc":{"start":{"line":18,"column":27},"end":{"line":20,"column":3}},"line":18},"3":{"name":"(anonymous_3)","decl":{"start":{"line":22,"column":2},"end":{"line":22,"column":3}},"loc":{"start":{"line":22,"column":12},"end":{"line":24,"column":3}},"line":22},"4":{"name":"(anonymous_4)","decl":{"start":{"line":26,"column":2},"end":{"line":26,"column":3}},"loc":{"start":{"line":26,"column":19},"end":{"line":28,"column":3}},"line":26},"5":{"name":"(anonymous_5)","decl":{"start":{"line":30,"column":2},"end":{"line":30,"column":3}},"loc":{"start":{"line":30,"column":16},"end":{"line":32,"column":3}},"line":30},"6":{"name":"(anonymous_6)","decl":{"start":{"line":34,"column":2},"end":{"line":34,"column":3}},"loc":{"start":{"line":34,"column":27},"end":{"line":36,"column":3}},"line":34},"7":{"name":"(anonymous_7)","decl":{"start":{"line":38,"column":2},"end":{"line":38,"column":3}},"loc":{"start":{"line":38,"column":12},"end":{"line":40,"column":3}},"line":38},"8":{"name":"(anonymous_8)","decl":{"start":{"line":42,"column":2},"end":{"line":42,"column":3}},"loc":{"start":{"line":42,"column":19},"end":{"line":44,"column":3}},"line":42}},"branchMap":{},"s":{"0":9,"1":2,"2":1,"3":2,"4":1,"5":2,"6":1,"7":4,"8":1,"9":2},"f":{"0":9,"1":2,"2":1,"3":2,"4":1,"5":2,"6":1,"7":4,"8":1},"b":{},"_coverageSchema":"1a1c01bbd47fc00a2c39e90264f33305004495a9","hash":"8f5fcd633a756b3413eb38f7d9095f7e2b5fcc62"}
,"/Users/melinaosik/DEV/reprograma/o-de-casa/src/Trader.js": {"path":"/Users/melinaosik/DEV/reprograma/o-de-casa/src/Trader.js","statementMap":{"0":{"start":{"line":1,"column":13},"end":{"line":1,"column":30}},"1":{"start":{"line":2,"column":14},"end":{"line":2,"column":32}},"2":{"start":{"line":7,"column":11},"end":{"line":7,"column":13}},"3":{"start":{"line":10,"column":4},"end":{"line":12,"column":31}},"4":{"start":{"line":16,"column":23},"end":{"line":16,"column":109}},"5":{"start":{"line":17,"column":4},"end":{"line":17,"column":43}},"6":{"start":{"line":22,"column":6},"end":{"line":22,"column":29}},"7":{"start":{"line":23,"column":6},"end":{"line":23,"column":54}},"8":{"start":{"line":28,"column":26},"end":{"line":28,"column":69}},"9":{"start":{"line":28,"column":53},"end":{"line":28,"column":68}},"10":{"start":{"line":29,"column":23},"end":{"line":29,"column":49}},"11":{"start":{"line":31,"column":6},"end":{"line":31,"column":38}},"12":{"start":{"line":32,"column":6},"end":{"line":32,"column":41}},"13":{"start":{"line":37,"column":4},"end":{"line":37,"column":23}},"14":{"start":{"line":41,"column":4},"end":{"line":41,"column":26}},"15":{"start":{"line":45,"column":4},"end":{"line":45,"column":26}},"16":{"start":{"line":49,"column":4},"end":{"line":49,"column":34}},"17":{"start":{"line":53,"column":0},"end":{"line":53,"column":23}}},"fnMap":{"0":{"name":"(anonymous_0)","decl":{"start":{"line":9,"column":2},"end":{"line":9,"column":3}},"loc":{"start":{"line":9,"column":89},"end":{"line":13,"column":3}},"line":9},"1":{"name":"(anonymous_1)","decl":{"start":{"line":15,"column":2},"end":{"line":15,"column":3}},"loc":{"start":{"line":15,"column":16},"end":{"line":18,"column":3}},"line":15},"2":{"name":"(anonymous_2)","decl":{"start":{"line":20,"column":2},"end":{"line":20,"column":3}},"loc":{"start":{"line":20,"column":18},"end":{"line":25,"column":3}},"line":20},"3":{"name":"(anonymous_3)","decl":{"start":{"line":27,"column":2},"end":{"line":27,"column":3}},"loc":{"start":{"line":27,"column":20},"end":{"line":34,"column":3}},"line":27},"4":{"name":"(anonymous_4)","decl":{"start":{"line":28,"column":42},"end":{"line":28,"column":43}},"loc":{"start":{"line":28,"column":53},"end":{"line":28,"column":68}},"line":28},"5":{"name":"(anonymous_5)","decl":{"start":{"line":36,"column":2},"end":{"line":36,"column":3}},"loc":{"start":{"line":36,"column":13},"end":{"line":38,"column":3}},"line":36},"6":{"name":"(anonymous_6)","decl":{"start":{"line":40,"column":2},"end":{"line":40,"column":3}},"loc":{"start":{"line":40,"column":21},"end":{"line":42,"column":3}},"line":40},"7":{"name":"(anonymous_7)","decl":{"start":{"line":44,"column":2},"end":{"line":44,"column":3}},"loc":{"start":{"line":44,"column":17},"end":{"line":46,"column":3}},"line":44},"8":{"name":"(anonymous_8)","decl":{"start":{"line":48,"column":2},"end":{"line":48,"column":3}},"loc":{"start":{"line":48,"column":29},"end":{"line":50,"column":3}},"line":48}},"branchMap":{},"s":{"0":1,"1":1,"2":18,"3":18,"4":2,"5":2,"6":1,"7":1,"8":1,"9":1,"10":1,"11":1,"12":1,"13":5,"14":1,"15":3,"16":1,"17":1},"f":{"0":18,"1":2,"2":1,"3":1,"4":1,"5":5,"6":1,"7":3,"8":1},"b":{},"_coverageSchema":"1a1c01bbd47fc00a2c39e90264f33305004495a9","hash":"ae049c1e91a622e35a236a49368591a8682e3d28"}
,"/Users/melinaosik/DEV/reprograma/o-de-casa/src/User.js": {"path":"/Users/melinaosik/DEV/reprograma/o-de-casa/src/User.js","statementMap":{"0":{"start":{"line":12,"column":4},"end":{"line":19,"column":19}},"1":{"start":{"line":23,"column":23},"end":{"line":23,"column":70}},"2":{"start":{"line":24,"column":4},"end":{"line":24,"column":43}},"3":{"start":{"line":28,"column":26},"end":{"line":28,"column":96}},"4":{"start":{"line":29,"column":4},"end":{"line":29,"column":49}},"5":{"start":{"line":33,"column":21},"end":{"line":33,"column":133}},"6":{"start":{"line":34,"column":4},"end":{"line":34,"column":39}},"7":{"start":{"line":38,"column":22},"end":{"line":38,"column":41}},"8":{"start":{"line":39,"column":4},"end":{"line":39,"column":39}},"9":{"start":{"line":43,"column":4},"end":{"line":43,"column":20}},"10":{"start":{"line":47,"column":4},"end":{"line":47,"column":21}},"11":{"start":{"line":51,"column":4},"end":{"line":51,"column":22}},"12":{"start":{"line":55,"column":4},"end":{"line":55,"column":25}},"13":{"start":{"line":59,"column":4},"end":{"line":59,"column":23}},"14":{"start":{"line":63,"column":4},"end":{"line":63,"column":27}},"15":{"start":{"line":67,"column":4},"end":{"line":67,"column":26}},"16":{"start":{"line":71,"column":4},"end":{"line":71,"column":33}},"17":{"start":{"line":75,"column":4},"end":{"line":75,"column":21}},"18":{"start":{"line":79,"column":4},"end":{"line":79,"column":23}},"19":{"start":{"line":83,"column":4},"end":{"line":83,"column":22}},"20":{"start":{"line":87,"column":4},"end":{"line":87,"column":25}},"21":{"start":{"line":91,"column":4},"end":{"line":91,"column":30}},"22":{"start":{"line":95,"column":4},"end":{"line":95,"column":41}},"23":{"start":{"line":99,"column":4},"end":{"line":99,"column":21}},"24":{"start":{"line":103,"column":4},"end":{"line":103,"column":23}},"25":{"start":{"line":107,"column":0},"end":{"line":107,"column":21}}},"fnMap":{"0":{"name":"(anonymous_0)","decl":{"start":{"line":11,"column":2},"end":{"line":11,"column":3}},"loc":{"start":{"line":11,"column":71},"end":{"line":20,"column":3}},"line":11},"1":{"name":"(anonymous_1)","decl":{"start":{"line":22,"column":2},"end":{"line":22,"column":3}},"loc":{"start":{"line":22,"column":16},"end":{"line":25,"column":3}},"line":22},"2":{"name":"(anonymous_2)","decl":{"start":{"line":27,"column":2},"end":{"line":27,"column":3}},"loc":{"start":{"line":27,"column":19},"end":{"line":30,"column":3}},"line":27},"3":{"name":"(anonymous_3)","decl":{"start":{"line":32,"column":2},"end":{"line":32,"column":3}},"loc":{"start":{"line":32,"column":14},"end":{"line":35,"column":3}},"line":32},"4":{"name":"(anonymous_4)","decl":{"start":{"line":37,"column":2},"end":{"line":37,"column":3}},"loc":{"start":{"line":37,"column":14},"end":{"line":40,"column":3}},"line":37},"5":{"name":"(anonymous_5)","decl":{"start":{"line":42,"column":2},"end":{"line":42,"column":3}},"loc":{"start":{"line":42,"column":10},"end":{"line":44,"column":3}},"line":42},"6":{"name":"(anonymous_6)","decl":{"start":{"line":46,"column":2},"end":{"line":46,"column":3}},"loc":{"start":{"line":46,"column":15},"end":{"line":48,"column":3}},"line":46},"7":{"name":"(anonymous_7)","decl":{"start":{"line":50,"column":2},"end":{"line":50,"column":3}},"loc":{"start":{"line":50,"column":12},"end":{"line":52,"column":3}},"line":50},"8":{"name":"(anonymous_8)","decl":{"start":{"line":54,"column":2},"end":{"line":54,"column":3}},"loc":{"start":{"line":54,"column":19},"end":{"line":56,"column":3}},"line":54},"9":{"name":"(anonymous_9)","decl":{"start":{"line":58,"column":2},"end":{"line":58,"column":3}},"loc":{"start":{"line":58,"column":13},"end":{"line":60,"column":3}},"line":58},"10":{"name":"(anonymous_10)","decl":{"start":{"line":62,"column":2},"end":{"line":62,"column":3}},"loc":{"start":{"line":62,"column":21},"end":{"line":64,"column":3}},"line":62},"11":{"name":"(anonymous_11)","decl":{"start":{"line":66,"column":2},"end":{"line":66,"column":3}},"loc":{"start":{"line":66,"column":16},"end":{"line":68,"column":3}},"line":66},"12":{"name":"(anonymous_12)","decl":{"start":{"line":70,"column":2},"end":{"line":70,"column":3}},"loc":{"start":{"line":70,"column":27},"end":{"line":72,"column":3}},"line":70},"13":{"name":"(anonymous_13)","decl":{"start":{"line":74,"column":2},"end":{"line":74,"column":3}},"loc":{"start":{"line":74,"column":11},"end":{"line":76,"column":3}},"line":74},"14":{"name":"(anonymous_14)","decl":{"start":{"line":78,"column":2},"end":{"line":78,"column":3}},"loc":{"start":{"line":78,"column":17},"end":{"line":80,"column":3}},"line":78},"15":{"name":"(anonymous_15)","decl":{"start":{"line":82,"column":2},"end":{"line":82,"column":3}},"loc":{"start":{"line":82,"column":12},"end":{"line":84,"column":3}},"line":82},"16":{"name":"(anonymous_16)","decl":{"start":{"line":86,"column":2},"end":{"line":86,"column":3}},"loc":{"start":{"line":86,"column":19},"end":{"line":88,"column":3}},"line":86},"17":{"name":"(anonymous_17)","decl":{"start":{"line":90,"column":2},"end":{"line":90,"column":3}},"loc":{"start":{"line":90,"column":20},"end":{"line":92,"column":3}},"line":90},"18":{"name":"(anonymous_18)","decl":{"start":{"line":94,"column":2},"end":{"line":94,"column":3}},"loc":{"start":{"line":94,"column":35},"end":{"line":96,"column":3}},"line":94},"19":{"name":"(anonymous_19)","decl":{"start":{"line":98,"column":2},"end":{"line":98,"column":3}},"loc":{"start":{"line":98,"column":11},"end":{"line":100,"column":3}},"line":98},"20":{"name":"(anonymous_20)","decl":{"start":{"line":102,"column":2},"end":{"line":102,"column":3}},"loc":{"start":{"line":102,"column":17},"end":{"line":104,"column":3}},"line":102}},"branchMap":{},"s":{"0":70,"1":2,"2":2,"3":2,"4":2,"5":2,"6":2,"7":2,"8":2,"9":4,"10":1,"11":4,"12":1,"13":6,"14":1,"15":6,"16":1,"17":6,"18":1,"19":4,"20":1,"21":4,"22":1,"23":6,"24":1,"25":2},"f":{"0":70,"1":2,"2":2,"3":2,"4":2,"5":4,"6":1,"7":4,"8":1,"9":6,"10":1,"11":6,"12":1,"13":6,"14":1,"15":4,"16":1,"17":4,"18":1,"19":6,"20":1},"b":{},"_coverageSchema":"1a1c01bbd47fc00a2c39e90264f33305004495a9","hash":"1636236c7e136aad8d317da3a32f23cf702d36e9"}
,"/Users/melinaosik/DEV/reprograma/o-de-casa/src/filters.js": {"path":"/Users/melinaosik/DEV/reprograma/o-de-casa/src/filters.js","statementMap":{"0":{"start":{"line":1,"column":19},"end":{"line":1,"column":37}},"1":{"start":{"line":4,"column":25},"end":{"line":4,"column":78}},"2":{"start":{"line":4,"column":54},"end":{"line":4,"column":77}},"3":{"start":{"line":5,"column":2},"end":{"line":5,"column":23}},"4":{"start":{"line":9,"column":2},"end":{"line":9,"column":28}},"5":{"start":{"line":13,"column":29},"end":{"line":13,"column":90}},"6":{"start":{"line":13,"column":58},"end":{"line":13,"column":89}},"7":{"start":{"line":14,"column":2},"end":{"line":14,"column":27}},"8":{"start":{"line":18,"column":2},"end":{"line":18,"column":36}},"9":{"start":{"line":22,"column":25},"end":{"line":22,"column":78}},"10":{"start":{"line":22,"column":54},"end":{"line":22,"column":77}},"11":{"start":{"line":23,"column":2},"end":{"line":23,"column":23}},"12":{"start":{"line":27,"column":2},"end":{"line":27,"column":28}},"13":{"start":{"line":30,"column":0},"end":{"line":34,"column":1}}},"fnMap":{"0":{"name":"filterByType","decl":{"start":{"line":3,"column":9},"end":{"line":3,"column":21}},"loc":{"start":{"line":3,"column":28},"end":{"line":6,"column":1}},"line":3},"1":{"name":"(anonymous_1)","decl":{"start":{"line":4,"column":43},"end":{"line":4,"column":44}},"loc":{"start":{"line":4,"column":54},"end":{"line":4,"column":77}},"line":4},"2":{"name":"typeFilter","decl":{"start":{"line":8,"column":9},"end":{"line":8,"column":19}},"loc":{"start":{"line":8,"column":33},"end":{"line":10,"column":1}},"line":8},"3":{"name":"filterByCategory","decl":{"start":{"line":12,"column":9},"end":{"line":12,"column":25}},"loc":{"start":{"line":12,"column":36},"end":{"line":15,"column":1}},"line":12},"4":{"name":"(anonymous_4)","decl":{"start":{"line":13,"column":47},"end":{"line":13,"column":48}},"loc":{"start":{"line":13,"column":58},"end":{"line":13,"column":89}},"line":13},"5":{"name":"categoryFilter","decl":{"start":{"line":17,"column":9},"end":{"line":17,"column":23}},"loc":{"start":{"line":17,"column":41},"end":{"line":19,"column":1}},"line":17},"6":{"name":"filterByItem","decl":{"start":{"line":21,"column":9},"end":{"line":21,"column":21}},"loc":{"start":{"line":21,"column":28},"end":{"line":24,"column":1}},"line":21},"7":{"name":"(anonymous_7)","decl":{"start":{"line":22,"column":43},"end":{"line":22,"column":44}},"loc":{"start":{"line":22,"column":54},"end":{"line":22,"column":77}},"line":22},"8":{"name":"itemFilter","decl":{"start":{"line":26,"column":9},"end":{"line":26,"column":19}},"loc":{"start":{"line":26,"column":33},"end":{"line":28,"column":1}},"line":26}},"branchMap":{},"s":{"0":1,"1":1,"2":6,"3":1,"4":6,"5":1,"6":6,"7":1,"8":6,"9":1,"10":6,"11":1,"12":6,"13":1},"f":{"0":1,"1":6,"2":6,"3":1,"4":6,"5":6,"6":1,"7":6,"8":6},"b":{},"_coverageSchema":"1a1c01bbd47fc00a2c39e90264f33305004495a9","hash":"26651b73293234cef9e4e757c3e2b517f56dd815"}
}
