TN:
SF:src/Category.js
FN:4,(anonymous_0)
FNF:1
FNH:1
FNDA:3,(anonymous_0)
DA:5,3
DA:9,2
LF:2
LH:2
BRF:0
BRH:0
end_of_record
TN:
SF:src/Offer.js
FN:7,(anonymous_0)
FN:14,(anonymous_1)
FN:18,(anonymous_2)
FN:22,(anonymous_3)
FN:26,(anonymous_4)
FN:30,(anonymous_5)
FN:34,(anonymous_6)
FN:38,(anonymous_7)
FN:42,(anonymous_8)
FNF:9
FNH:9
FNDA:11,(anonymous_0)
FNDA:2,(anonymous_1)
FNDA:1,(anonymous_2)
FNDA:2,(anonymous_3)
FNDA:1,(anonymous_4)
FNDA:2,(anonymous_5)
FNDA:1,(anonymous_6)
FNDA:4,(anonymous_7)
FNDA:1,(anonymous_8)
DA:8,11
DA:15,2
DA:19,1
DA:23,2
DA:27,1
DA:31,2
DA:35,1
DA:39,4
DA:43,1
DA:47,3
LF:10
LH:10
BRF:0
BRH:0
end_of_record
TN:
SF:src/Trader.js
FN:10,(anonymous_0)
FN:17,(anonymous_1)
FN:22,(anonymous_2)
FN:31,(anonymous_3)
FN:32,(anonymous_4)
FN:42,(anonymous_5)
FN:46,(anonymous_6)
FN:50,(anonymous_7)
FN:54,(anonymous_8)
FNF:9
FNH:9
FNDA:22,(anonymous_0)
FNDA:2,(anonymous_1)
FNDA:2,(anonymous_2)
FNDA:2,(anonymous_3)
FNDA:1,(anonymous_4)
FNDA:5,(anonymous_5)
FNDA:1,(anonymous_6)
FNDA:3,(anonymous_7)
FNDA:1,(anonymous_8)
DA:1,1
DA:2,1
DA:3,1
DA:8,22
DA:11,22
DA:14,22
DA:18,2
DA:19,2
DA:23,2
DA:24,1
DA:25,1
DA:27,1
DA:32,2
DA:33,2
DA:34,2
DA:35,1
DA:36,1
DA:38,1
DA:43,5
DA:47,1
DA:51,3
DA:55,1
DA:59,1
LF:23
LH:23
BRDA:23,0,0,1
BRDA:23,0,1,1
BRDA:34,1,0,1
BRDA:34,1,1,1
BRF:4
BRH:4
end_of_record
TN:
SF:src/Type.js
FN:4,(anonymous_0)
FNF:1
FNH:1
FNDA:3,(anonymous_0)
DA:5,3
DA:9,2
LF:2
LH:2
BRF:0
BRH:0
end_of_record
TN:
SF:src/User.js
FN:11,(anonymous_0)
FN:22,(anonymous_1)
FN:27,(anonymous_2)
FN:32,(anonymous_3)
FN:37,(anonymous_4)
FN:42,(anonymous_5)
FN:46,(anonymous_6)
FN:50,(anonymous_7)
FN:54,(anonymous_8)
FN:58,(anonymous_9)
FN:62,(anonymous_10)
FN:66,(anonymous_11)
FN:70,(anonymous_12)
FN:74,(anonymous_13)
FN:78,(anonymous_14)
FN:82,(anonymous_15)
FN:86,(anonymous_16)
FN:90,(anonymous_17)
FN:94,(anonymous_18)
FN:98,(anonymous_19)
FN:102,(anonymous_20)
FNF:21
FNH:21
FNDA:74,(anonymous_0)
FNDA:2,(anonymous_1)
FNDA:2,(anonymous_2)
FNDA:2,(anonymous_3)
FNDA:2,(anonymous_4)
FNDA:4,(anonymous_5)
FNDA:1,(anonymous_6)
FNDA:4,(anonymous_7)
FNDA:1,(anonymous_8)
FNDA:6,(anonymous_9)
FNDA:1,(anonymous_10)
FNDA:6,(anonymous_11)
FNDA:1,(anonymous_12)
FNDA:6,(anonymous_13)
FNDA:1,(anonymous_14)
FNDA:4,(anonymous_15)
FNDA:1,(anonymous_16)
FNDA:4,(anonymous_17)
FNDA:1,(anonymous_18)
FNDA:6,(anonymous_19)
FNDA:1,(anonymous_20)
DA:12,74
DA:23,2
DA:24,2
DA:28,2
DA:29,2
DA:33,2
DA:34,2
DA:38,2
DA:39,2
DA:43,4
DA:47,1
DA:51,4
DA:55,1
DA:59,6
DA:63,1
DA:67,6
DA:71,1
DA:75,6
DA:79,1
DA:83,4
DA:87,1
DA:91,4
DA:95,1
DA:99,6
DA:103,1
DA:107,2
LF:26
LH:26
BRF:0
BRH:0
end_of_record
TN:
SF:src/filters.js
FN:5,filterByType
FN:6,(anonymous_1)
FN:10,typeFinder
FN:18,filterByCategory
FN:19,(anonymous_4)
FN:23,categoryFinder
FN:31,filterByItem
FN:32,(anonymous_7)
FN:36,itemFilter
FNF:9
FNH:9
FNDA:1,filterByType
FNDA:6,(anonymous_1)
FNDA:8,typeFinder
FNDA:1,filterByCategory
FNDA:6,(anonymous_4)
FNDA:8,categoryFinder
FNDA:1,filterByItem
FNDA:6,(anonymous_7)
FNDA:6,itemFilter
DA:1,1
DA:2,1
DA:3,1
DA:6,6
DA:7,1
DA:11,8
DA:12,7
DA:14,1
DA:19,6
DA:20,1
DA:24,8
DA:25,7
DA:27,1
DA:32,6
DA:33,1
DA:37,6
DA:40,1
LF:17
LH:17
BRDA:11,0,0,7
BRDA:11,0,1,1
BRDA:24,1,0,7
BRDA:24,1,1,1
BRF:4
BRH:4
end_of_record
TN:
SF:src/index.js
FNF:0
FNH:0
DA:1,1
DA:3,1
LF:2
LH:2
BRF:0
BRH:0
end_of_record
