TN:
SF:src/Offer.js
FN:7,(anonymous_0)
FN:14,(anonymous_1)
FN:18,(anonymous_2)
FN:22,(anonymous_3)
FN:26,(anonymous_4)
FN:30,(anonymous_5)
FN:34,(anonymous_6)
FN:38,(anonymous_7)
FN:42,(anonymous_8)
FNF:9
FNH:9
FNDA:9,(anonymous_0)
FNDA:2,(anonymous_1)
FNDA:1,(anonymous_2)
FNDA:2,(anonymous_3)
FNDA:1,(anonymous_4)
FNDA:2,(anonymous_5)
FNDA:1,(anonymous_6)
FNDA:4,(anonymous_7)
FNDA:1,(anonymous_8)
DA:8,9
DA:15,2
DA:19,1
DA:23,2
DA:27,1
DA:31,2
DA:35,1
DA:39,4
DA:43,1
DA:47,2
LF:10
LH:10
BRF:0
BRH:0
end_of_record
TN:
SF:src/Trader.js
FN:9,(anonymous_0)
FN:15,(anonymous_1)
FN:20,(anonymous_2)
FN:27,(anonymous_3)
FN:28,(anonymous_4)
FN:36,(anonymous_5)
FN:40,(anonymous_6)
FN:44,(anonymous_7)
FN:48,(anonymous_8)
FNF:9
FNH:9
FNDA:18,(anonymous_0)
FNDA:2,(anonymous_1)
FNDA:1,(anonymous_2)
FNDA:1,(anonymous_3)
FNDA:1,(anonymous_4)
FNDA:5,(anonymous_5)
FNDA:1,(anonymous_6)
FNDA:3,(anonymous_7)
FNDA:1,(anonymous_8)
DA:1,1
DA:2,1
DA:7,18
DA:10,18
DA:16,2
DA:17,2
DA:22,1
DA:23,1
DA:28,1
DA:29,1
DA:31,1
DA:32,1
DA:37,5
DA:41,1
DA:45,3
DA:49,1
DA:53,1
LF:17
LH:17
BRF:0
BRH:0
end_of_record
TN:
SF:src/User.js
FN:11,(anonymous_0)
FN:22,(anonymous_1)
FN:27,(anonymous_2)
FN:32,(anonymous_3)
FN:37,(anonymous_4)
FN:42,(anonymous_5)
FN:46,(anonymous_6)
FN:50,(anonymous_7)
FN:54,(anonymous_8)
FN:58,(anonymous_9)
FN:62,(anonymous_10)
FN:66,(anonymous_11)
FN:70,(anonymous_12)
FN:74,(anonymous_13)
FN:78,(anonymous_14)
FN:82,(anonymous_15)
FN:86,(anonymous_16)
FN:90,(anonymous_17)
FN:94,(anonymous_18)
FN:98,(anonymous_19)
FN:102,(anonymous_20)
FNF:21
FNH:21
FNDA:70,(anonymous_0)
FNDA:2,(anonymous_1)
FNDA:2,(anonymous_2)
FNDA:2,(anonymous_3)
FNDA:2,(anonymous_4)
FNDA:4,(anonymous_5)
FNDA:1,(anonymous_6)
FNDA:4,(anonymous_7)
FNDA:1,(anonymous_8)
FNDA:6,(anonymous_9)
FNDA:1,(anonymous_10)
FNDA:6,(anonymous_11)
FNDA:1,(anonymous_12)
FNDA:6,(anonymous_13)
FNDA:1,(anonymous_14)
FNDA:4,(anonymous_15)
FNDA:1,(anonymous_16)
FNDA:4,(anonymous_17)
FNDA:1,(anonymous_18)
FNDA:6,(anonymous_19)
FNDA:1,(anonymous_20)
DA:12,70
DA:23,2
DA:24,2
DA:28,2
DA:29,2
DA:33,2
DA:34,2
DA:38,2
DA:39,2
DA:43,4
DA:47,1
DA:51,4
DA:55,1
DA:59,6
DA:63,1
DA:67,6
DA:71,1
DA:75,6
DA:79,1
DA:83,4
DA:87,1
DA:91,4
DA:95,1
DA:99,6
DA:103,1
DA:107,2
LF:26
LH:26
BRF:0
BRH:0
end_of_record
TN:
SF:src/filters.js
FN:3,filterByType
FN:4,(anonymous_1)
FN:8,typeFilter
FN:12,filterByCategory
FN:13,(anonymous_4)
FN:17,categoryFilter
FN:21,filterByItem
FN:22,(anonymous_7)
FN:26,itemFilter
FNF:9
FNH:9
FNDA:1,filterByType
FNDA:6,(anonymous_1)
FNDA:6,typeFilter
FNDA:1,filterByCategory
FNDA:6,(anonymous_4)
FNDA:6,categoryFilter
FNDA:1,filterByItem
FNDA:6,(anonymous_7)
FNDA:6,itemFilter
DA:1,1
DA:4,6
DA:5,1
DA:9,6
DA:13,6
DA:14,1
DA:18,6
DA:22,6
DA:23,1
DA:27,6
DA:30,1
LF:11
LH:11
BRF:0
BRH:0
end_of_record
